
[INFO ] 2020-03-05 19:54:09.602 [main] Log - Scenario start pointheader comparison
[INFO ] 2020-03-05 19:54:09.605 [main] Log - user on amazon.com
[WARN ] 2020-03-05 19:54:09.605 [main] Log - login into amazon
[INFO ] 2020-03-05 21:06:16.686 [main] Log - Scenario start pointWikipedia Search Functionality Title Verification
[INFO ] 2020-03-05 21:06:23.236 [main] Log - Scenario start pointWikipedia Search Functionality Header Verification
[INFO ] 2020-03-05 21:06:26.997 [main] Log - Scenario start pointWikipedia Search Functionality ImageHeader Verification
[INFO ] 2020-03-05 21:06:30.545 [main] Log - Scenario start pointWikipedia Search Functionality ImageHeader Verification
[INFO ] 2020-03-05 21:06:34.426 [main] Log - Scenario start pointWikipedia Search Functionality ImageHeader Verification
[INFO ] 2020-03-05 21:06:38.597 [main] Log - Scenario start pointWikipedia Search Functionality ImageHeader Verification
[INFO ] 2020-03-05 21:06:43.446 [main] Log - Scenario start pointWikipedia Search Functionality ImageHeader Verification
[INFO ] 2020-03-05 21:06:46.586 [main] Log - Scenario start pointWikipedia Search Functionality ImageHeader Verification
[INFO ] 2020-03-05 21:13:11.513 [main] Log - Scenario start pointWikipedia Search Functionality Title Verification
[INFO ] 2020-03-05 21:13:17.026 [main] Log - Scenario start pointWikipedia Search Functionality Header Verification
[INFO ] 2020-03-05 21:13:20.440 [main] Log - Scenario start pointWikipedia Search Functionality ImageHeader Verification
[INFO ] 2020-03-05 21:13:24.656 [main] Log - Scenario start pointWikipedia Search Functionality ImageHeader Verification
[INFO ] 2020-03-05 21:13:29.080 [main] Log - Scenario start pointWikipedia Search Functionality ImageHeader Verification
[INFO ] 2020-03-05 21:13:33.703 [main] Log - Scenario start pointWikipedia Search Functionality ImageHeader Verification
[INFO ] 2020-03-05 21:13:39.407 [main] Log - Scenario start pointWikipedia Search Functionality ImageHeader Verification
[INFO ] 2020-03-05 21:13:44.035 [main] Log - Scenario start pointWikipedia Search Functionality ImageHeader Verification
[INFO ] 2020-03-06 11:22:32.404 [main] Log - Scenario start pointWikipedia Search Functionality Title Verification
[INFO ] 2020-03-06 11:22:38.676 [main] Log - Scenario start pointWikipedia Search Functionality Header Verification
[INFO ] 2020-03-06 11:22:42.678 [main] Log - Scenario start pointWikipedia Search Functionality ImageHeader Verification
[INFO ] 2020-03-06 11:22:46.167 [main] Log - Scenario start pointWikipedia Search Functionality ImageHeader Verification
[INFO ] 2020-03-06 11:22:52.244 [main] Log - Scenario start pointWikipedia Search Functionality ImageHeader Verification
[INFO ] 2020-03-06 11:22:56.036 [main] Log - Scenario start pointWikipedia Search Functionality ImageHeader Verification
[INFO ] 2020-03-06 11:23:00.292 [main] Log - Scenario start pointWikipedia Search Functionality ImageHeader Verification
[INFO ] 2020-03-06 11:23:03.782 [main] Log - Scenario start pointWikipedia Search Functionality ImageHeader Verification
[INFO ] 2020-03-07 16:23:54.469 [main] Log - Scenario start pointHeader comparison
[INFO ] 2020-03-07 16:24:06.363 [main] Log - user on: https://dzone.com/articles/gradle-vs-maven
[INFO ] 2020-03-07 16:24:06.403 [main] Log - header taken: Gradle vs. Maven
[INFO ] 2020-03-07 16:24:08.327 [main] Log - user on: https://dzone.com/articles/api-security-weekly-issue-71
[INFO ] 2020-03-07 16:24:08.359 [main] Log - header 2 taken: API Security Weekly: Issue #71
[WARN ] 2020-03-07 16:24:08.359 [main] Log - Comparing two data
